// 重构日志: ceb6a0ef
// 重构日志: b94eea0d
// 重构日志: c122d4fa
// 同步 ID: 61ce6325 @ Sat Jun 20 16:49:06 UTC 2026
// 重构日志: ac5abda7
// 同步 ID: 9f2daba0 @ Wed Jun 24 23:13:42 UTC 2026
// 重构日志: 18d1d80e
// 重构日志: 559bb189
// 重构日志: 689584ae
// 同步 ID: 2fbffca7 @ Sun Jul  5 16:54:10 UTC 2026
// 同步 ID: ccccd723 @ Mon Jul  6 14:54:35 UTC 2026
// 同步 ID: 49f6f26c @ Mon Jul  6 18:16:13 UTC 2026
// 重构日志: 25718218
// 重构日志: aedfc118
// 重构日志: 31103945
// 同步 ID: c976aba5 @ Thu Jul  9 16:17:35 UTC 2026
// 同步 ID: 3d8ac946 @ Fri Jul 10 09:12:21 UTC 2026
// 重构日志: f8bfb93d
// 同步 ID: ba5f5280 @ Sat Jul 11 18:00:45 UTC 2026
// 同步 ID: 91406ee3 @ Sat Jul 11 22:12:28 UTC 2026
// 同步 ID: d5872b78 @ Sun Jul 12 07:47:14 UTC 2026
// 同步 ID: 95abe70d @ Sun Jul 12 23:59:49 UTC 2026
// 同步 ID: 0bb8f6a2 @ Tue Jul 14 10:04:38 UTC 2026
// 同步 ID: d3b41c07 @ Tue Jul 14 13:29:12 UTC 2026
// 同步 ID: 2e46d3df @ Tue Jul 14 17:32:58 UTC 2026
// 同步 ID: d41a8dea @ Wed Jul 15 01:25:52 UTC 2026
// 同步 ID: 550b1a1f @ Thu Jul 16 07:18:54 UTC 2026
// 同步 ID: 25f0d845 @ Thu Jul 16 10:28:11 UTC 2026
// 同步 ID: 99f3e790 @ Thu Jul 16 14:55:59 UTC 2026
// 同步 ID: 69a5b680 @ Sat Jul 18 08:28:38 UTC 2026
